<?xml version="1.0" encoding="utf-8"?><testsuites><testsuite errors="0" failures="0" hostname="DESKTOP-V9PUJQI" name="pytest" skipped="0" tests="4" time="6.389" timestamp="2020-05-17T20:48:05.600606"><testcase classname="test_submit" file="test_submit.py" line="3" name="test_q1" time="0.057"></testcase><testcase classname="test_submit" file="test_submit.py" line="8" name="test_q2" time="0.058"></testcase><testcase classname="test_submit" file="test_submit.py" line="13" name="test_q3" time="0.108"></testcase><testcase classname="test_submit" file="test_submit.py" line="18" name="test_q4" time="0.570"></testcase></testsuite></testsuites>