<?xml version="1.0" encoding="utf-8"?><testsuites><testsuite errors="0" failures="0" hostname="DESKTOP-V9PUJQI" name="pytest" skipped="0" tests="7" time="4.210" timestamp="2020-05-10T01:22:20.286702"><testcase classname="test_submit" file="test_submit.py" line="3" name="test_q1" time="0.016"></testcase><testcase classname="test_submit" file="test_submit.py" line="8" name="test_q2" time="0.017"></testcase><testcase classname="test_submit" file="test_submit.py" line="13" name="test_q3" time="0.019"></testcase><testcase classname="test_submit" file="test_submit.py" line="18" name="test_q4" time="0.023"></testcase><testcase classname="test_submit" file="test_submit.py" line="23" name="test_q5" time="0.010"></testcase><testcase classname="test_submit" file="test_submit.py" line="28" name="test_q6" time="0.015"></testcase><testcase classname="test_submit" file="test_submit.py" line="33" name="test_q7" time="0.012"></testcase></testsuite></testsuites>